[90mThu, 10 Oct 2024 19:24:28 -0500[0m [32mINF[0m [1mgithub.com/Telmate/terraform-provider-proxmox/v2/proxmox/util.go:158[0m[36m >[0m [1mEnabling the capture of log-library logs as ithe _capturelog flag was detected[0m
[90mThu, 10 Oct 2024 19:24:28 -0500[0m [32mINF[0m [1mgithub.com/Telmate/terraform-provider-proxmox/v2/proxmox/util.go:191[0m[36m >[0m [1mLogging Started. Root Logger Set to level debug[0m
[90mThu, 10 Oct 2024 19:25:02 -0500[0m [32mINF[0m [1mgithub.com/Telmate/terraform-provider-proxmox/v2/proxmox/util.go:158[0m[36m >[0m [1mEnabling the capture of log-library logs as ithe _capturelog flag was detected[0m
[90mThu, 10 Oct 2024 19:25:02 -0500[0m [32mINF[0m [1mgithub.com/Telmate/terraform-provider-proxmox/v2/proxmox/util.go:191[0m[36m >[0m [1mLogging Started. Root Logger Set to level debug[0m
[90mThu, 10 Oct 2024 19:25:05 -0500[0m [32mINF[0m [1mgithub.com/Telmate/terraform-provider-proxmox/v2/proxmox/util.go:158[0m[36m >[0m [1mEnabling the capture of log-library logs as ithe _capturelog flag was detected[0m
[90mThu, 10 Oct 2024 19:25:05 -0500[0m [32mINF[0m [1mgithub.com/Telmate/terraform-provider-proxmox/v2/proxmox/util.go:191[0m[36m >[0m [1mLogging Started. Root Logger Set to level debug[0m
2024/10/10 19:25:06 [DEBUG] setting computed for "unused" from ComputedKeys
2024/10/10 19:25:06 >>>>>>>>>> REQUEST:
GET /api2/json/cluster/nextid HTTP/1.1
Host: 192.168.2.18:8006
User-Agent: Go-http-client/1.1
Accept: application/json
Authorization: PVEAPIToken=root@pam!terraform=bdeb84a5-2cc6-4b12-a135-e6b81d88366c
Accept-Encoding: gzip

2024/10/10 19:25:06 <<<<<<<<<< RESULT:
HTTP/1.1 200 OK
Content-Length: 14
Cache-Control: max-age=0
Connection: Keep-Alive
Content-Type: application/json;charset=UTF-8
Date: Fri, 11 Oct 2024 00:25:15 GMT
Expires: Fri, 11 Oct 2024 00:25:15 GMT
Pragma: no-cache
Server: pve-api-daemon/3.0

{"data":"103"}
2024/10/10 19:25:06 >>>>>>>>>> REQUEST:
POST /api2/json/nodes/pve/lxc HTTP/1.1
Host: 192.168.2.18:8006
User-Agent: Go-http-client/1.1
Content-Length: 1136
Accept: application/json
Authorization: PVEAPIToken=root@pam!terraform=bdeb84a5-2cc6-4b12-a135-e6b81d88366c
Content-Type: application/x-www-form-urlencoded
Accept-Encoding: gzip

arch=amd64&cmode=tty&console=1&cpulimit=0&cpuunits=1024&hostname=lxc-huly-srv&memory=512&net0=name%3Deth0%2Cip%3D192.168.2.30%2F24%2Cbridge%3Dvmbr0&onboot=1&ostemplate=local%3Avztmpl%2Fubuntu-20.04-standard_20.04-1_amd64.tar.gz&password=52878911&protection=0&rootfs=local-lvm%3A8&ssh-public-keys=ssh-rsa+AAAAB3NzaC1yc2EAAAADAQABAAACAQDs8mt4LB%2B9fu0YLOjfO86xHvFZDIjCcsCkRq2HSTvGTKVl3m8MDtinRY1J5E1efSby8jvluBb91w8ymWCPkucDcRRQpXbOmNfBTp0G0Qln%2F62CYejp%2FOp0y8dOUvZsJeN8NTgHnthRxKuxAG50xH4RKObiSi9c5mVHTQ1%2BpkRYeBlx7JysGlfFEwNO5IBoV4yviKfMpM7cuh3s8a8PXDx2YyAEbWhqgDG1ufKqUSzn7%2BvznJ%2BSBpyeJiWxUTKhLN3t937ycT15gX1%2FQHB2TPHDWmxxDnBb63IeXVhAGE59neQu8dsByuVPt6%2BP78Vct9SjS%2B65TOTrQtaT8P0R7VyoZqrW%2BKIfA9q7DBG1LZn%2BmAFdC6fgrS8mINDHIkrhe%2Bc9AQe5ARLHdKD4U1vD8QUkIm%2BiTYRy%2Bgb6jOE7c9RG0dwqjl0x%2F%2BrlQSoQR7ei%2BdcetAyw2iMDghqVkc4kdf%2Fsyk07tRu9G7jvgQowEoIskqldvkaQDgIng6hvv6CB%2BfI6b86o3wApfR%2BwLLgdgHTNfZGswDLeHwKc80ipKIKfwa509CtUqMjkqa77GSK6pAda3EYkThkaP68MimLWYn%2BRR5EOVhxnxwwmsuu6lHy4N%2BDzqDZvlvfHCOL5FdqHmsVT86g%2BoqC09XVxDkExOd8EuCg%2BNZFdi5V%2BPIX5lXm1FQ%3D%3D%0A&start=1&storage=local&swap=0&tty=2&unprivileged=1&vmid=103
2024/10/10 19:25:07 <<<<<<<<<< RESULT:
HTTP/1.1 200 OK
Connection: close
Content-Length: 79
Cache-Control: max-age=0
Content-Type: application/json;charset=UTF-8
Date: Fri, 11 Oct 2024 00:25:15 GMT
Expires: Fri, 11 Oct 2024 00:25:15 GMT
Pragma: no-cache
Server: pve-api-daemon/3.0

{"data":"UPID:pve:00011F25:00123222:6708706B:vzcreate:103:root@pam!terraform:"}
2024/10/10 19:25:07 >>>>>>>>>> REQUEST:
GET /api2/json/nodes/pve/tasks/UPID:pve:00011F25:00123222:6708706B:vzcreate:103:root@pam!terraform:/status HTTP/1.1
Host: 192.168.2.18:8006
User-Agent: Go-http-client/1.1
Accept: application/json
Authorization: PVEAPIToken=root@pam!terraform=bdeb84a5-2cc6-4b12-a135-e6b81d88366c
Accept-Encoding: gzip

2024/10/10 19:25:07 <<<<<<<<<< RESULT:
HTTP/1.1 200 OK
Content-Length: 241
Cache-Control: max-age=0
Connection: Keep-Alive
Connection: Keep-Alive
Content-Type: application/json;charset=UTF-8
Date: Fri, 11 Oct 2024 00:25:15 GMT
Expires: Fri, 11 Oct 2024 00:25:15 GMT
Pragma: no-cache
Server: pve-api-daemon/3.0

{"data":{"id":"103","pid":73509,"user":"root@pam","node":"pve","starttime":1728606315,"tokenid":"terraform","type":"vzcreate","upid":"UPID:pve:00011F25:00123222:6708706B:vzcreate:103:root@pam!terraform:","status":"running","pstart":1192482}}
2024/10/10 19:25:09 >>>>>>>>>> REQUEST:
GET /api2/json/nodes/pve/tasks/UPID:pve:00011F25:00123222:6708706B:vzcreate:103:root@pam!terraform:/status HTTP/1.1
Host: 192.168.2.18:8006
User-Agent: Go-http-client/1.1
Accept: application/json
Authorization: PVEAPIToken=root@pam!terraform=bdeb84a5-2cc6-4b12-a135-e6b81d88366c
Accept-Encoding: gzip

2024/10/10 19:25:09 <<<<<<<<<< RESULT:
HTTP/1.1 200 OK
Content-Length: 241
Cache-Control: max-age=0
Connection: Keep-Alive
Connection: Keep-Alive
Content-Type: application/json;charset=UTF-8
Date: Fri, 11 Oct 2024 00:25:17 GMT
Expires: Fri, 11 Oct 2024 00:25:17 GMT
Pragma: no-cache
Server: pve-api-daemon/3.0

{"data":{"starttime":1728606315,"type":"vzcreate","tokenid":"terraform","user":"root@pam","node":"pve","id":"103","pid":73509,"pstart":1192482,"status":"running","upid":"UPID:pve:00011F25:00123222:6708706B:vzcreate:103:root@pam!terraform:"}}
2024/10/10 19:25:11 >>>>>>>>>> REQUEST:
GET /api2/json/nodes/pve/tasks/UPID:pve:00011F25:00123222:6708706B:vzcreate:103:root@pam!terraform:/status HTTP/1.1
Host: 192.168.2.18:8006
User-Agent: Go-http-client/1.1
Accept: application/json
Authorization: PVEAPIToken=root@pam!terraform=bdeb84a5-2cc6-4b12-a135-e6b81d88366c
Accept-Encoding: gzip

2024/10/10 19:25:11 <<<<<<<<<< RESULT:
HTTP/1.1 200 OK
Content-Length: 241
Cache-Control: max-age=0
Connection: Keep-Alive
Connection: Keep-Alive
Content-Type: application/json;charset=UTF-8
Date: Fri, 11 Oct 2024 00:25:19 GMT
Expires: Fri, 11 Oct 2024 00:25:19 GMT
Pragma: no-cache
Server: pve-api-daemon/3.0

{"data":{"type":"vzcreate","tokenid":"terraform","starttime":1728606315,"node":"pve","user":"root@pam","pid":73509,"id":"103","pstart":1192482,"status":"running","upid":"UPID:pve:00011F25:00123222:6708706B:vzcreate:103:root@pam!terraform:"}}
2024/10/10 19:25:13 >>>>>>>>>> REQUEST:
GET /api2/json/nodes/pve/tasks/UPID:pve:00011F25:00123222:6708706B:vzcreate:103:root@pam!terraform:/status HTTP/1.1
Host: 192.168.2.18:8006
User-Agent: Go-http-client/1.1
Accept: application/json
Authorization: PVEAPIToken=root@pam!terraform=bdeb84a5-2cc6-4b12-a135-e6b81d88366c
Accept-Encoding: gzip

2024/10/10 19:25:13 <<<<<<<<<< RESULT:
HTTP/1.1 200 OK
Content-Length: 241
Cache-Control: max-age=0
Connection: Keep-Alive
Connection: Keep-Alive
Content-Type: application/json;charset=UTF-8
Date: Fri, 11 Oct 2024 00:25:21 GMT
Expires: Fri, 11 Oct 2024 00:25:21 GMT
Pragma: no-cache
Server: pve-api-daemon/3.0

{"data":{"type":"vzcreate","tokenid":"terraform","starttime":1728606315,"node":"pve","user":"root@pam","pid":73509,"id":"103","pstart":1192482,"status":"running","upid":"UPID:pve:00011F25:00123222:6708706B:vzcreate:103:root@pam!terraform:"}}
2024/10/10 19:25:15 >>>>>>>>>> REQUEST:
GET /api2/json/nodes/pve/tasks/UPID:pve:00011F25:00123222:6708706B:vzcreate:103:root@pam!terraform:/status HTTP/1.1
Host: 192.168.2.18:8006
User-Agent: Go-http-client/1.1
Accept: application/json
Authorization: PVEAPIToken=root@pam!terraform=bdeb84a5-2cc6-4b12-a135-e6b81d88366c
Accept-Encoding: gzip

2024/10/10 19:25:15 <<<<<<<<<< RESULT:
HTTP/1.1 200 OK
Content-Length: 241
Cache-Control: max-age=0
Connection: Keep-Alive
Connection: Keep-Alive
Content-Type: application/json;charset=UTF-8
Date: Fri, 11 Oct 2024 00:25:23 GMT
Expires: Fri, 11 Oct 2024 00:25:23 GMT
Pragma: no-cache
Server: pve-api-daemon/3.0

{"data":{"pstart":1192482,"status":"running","upid":"UPID:pve:00011F25:00123222:6708706B:vzcreate:103:root@pam!terraform:","tokenid":"terraform","type":"vzcreate","starttime":1728606315,"node":"pve","user":"root@pam","pid":73509,"id":"103"}}
2024/10/10 19:25:17 >>>>>>>>>> REQUEST:
GET /api2/json/nodes/pve/tasks/UPID:pve:00011F25:00123222:6708706B:vzcreate:103:root@pam!terraform:/status HTTP/1.1
Host: 192.168.2.18:8006
User-Agent: Go-http-client/1.1
Accept: application/json
Authorization: PVEAPIToken=root@pam!terraform=bdeb84a5-2cc6-4b12-a135-e6b81d88366c
Accept-Encoding: gzip

2024/10/10 19:25:17 <<<<<<<<<< RESULT:
HTTP/1.1 200 OK
Content-Length: 241
Cache-Control: max-age=0
Connection: Keep-Alive
Connection: Keep-Alive
Content-Type: application/json;charset=UTF-8
Date: Fri, 11 Oct 2024 00:25:25 GMT
Expires: Fri, 11 Oct 2024 00:25:25 GMT
Pragma: no-cache
Server: pve-api-daemon/3.0

{"data":{"upid":"UPID:pve:00011F25:00123222:6708706B:vzcreate:103:root@pam!terraform:","pstart":1192482,"status":"running","node":"pve","user":"root@pam","pid":73509,"id":"103","tokenid":"terraform","type":"vzcreate","starttime":1728606315}}
2024/10/10 19:25:19 >>>>>>>>>> REQUEST:
GET /api2/json/nodes/pve/tasks/UPID:pve:00011F25:00123222:6708706B:vzcreate:103:root@pam!terraform:/status HTTP/1.1
Host: 192.168.2.18:8006
User-Agent: Go-http-client/1.1
Accept: application/json
Authorization: PVEAPIToken=root@pam!terraform=bdeb84a5-2cc6-4b12-a135-e6b81d88366c
Accept-Encoding: gzip

2024/10/10 19:25:19 <<<<<<<<<< RESULT:
HTTP/1.1 200 OK
Content-Length: 241
Cache-Control: max-age=0
Connection: Keep-Alive
Connection: Keep-Alive
Content-Type: application/json;charset=UTF-8
Date: Fri, 11 Oct 2024 00:25:27 GMT
Expires: Fri, 11 Oct 2024 00:25:27 GMT
Pragma: no-cache
Server: pve-api-daemon/3.0

{"data":{"status":"running","pstart":1192482,"upid":"UPID:pve:00011F25:00123222:6708706B:vzcreate:103:root@pam!terraform:","starttime":1728606315,"tokenid":"terraform","type":"vzcreate","id":"103","pid":73509,"user":"root@pam","node":"pve"}}
2024/10/10 19:25:21 >>>>>>>>>> REQUEST:
GET /api2/json/nodes/pve/tasks/UPID:pve:00011F25:00123222:6708706B:vzcreate:103:root@pam!terraform:/status HTTP/1.1
Host: 192.168.2.18:8006
User-Agent: Go-http-client/1.1
Accept: application/json
Authorization: PVEAPIToken=root@pam!terraform=bdeb84a5-2cc6-4b12-a135-e6b81d88366c
Accept-Encoding: gzip

2024/10/10 19:25:21 <<<<<<<<<< RESULT:
HTTP/1.1 200 OK
Content-Length: 241
Cache-Control: max-age=0
Connection: Keep-Alive
Connection: Keep-Alive
Content-Type: application/json;charset=UTF-8
Date: Fri, 11 Oct 2024 00:25:29 GMT
Expires: Fri, 11 Oct 2024 00:25:29 GMT
Pragma: no-cache
Server: pve-api-daemon/3.0

{"data":{"status":"running","pstart":1192482,"upid":"UPID:pve:00011F25:00123222:6708706B:vzcreate:103:root@pam!terraform:","type":"vzcreate","tokenid":"terraform","starttime":1728606315,"pid":73509,"id":"103","node":"pve","user":"root@pam"}}
2024/10/10 19:25:23 >>>>>>>>>> REQUEST:
GET /api2/json/nodes/pve/tasks/UPID:pve:00011F25:00123222:6708706B:vzcreate:103:root@pam!terraform:/status HTTP/1.1
Host: 192.168.2.18:8006
User-Agent: Go-http-client/1.1
Accept: application/json
Authorization: PVEAPIToken=root@pam!terraform=bdeb84a5-2cc6-4b12-a135-e6b81d88366c
Accept-Encoding: gzip

2024/10/10 19:25:23 <<<<<<<<<< RESULT:
HTTP/1.1 200 OK
Content-Length: 241
Cache-Control: max-age=0
Connection: Keep-Alive
Connection: Keep-Alive
Content-Type: application/json;charset=UTF-8
Date: Fri, 11 Oct 2024 00:25:31 GMT
Expires: Fri, 11 Oct 2024 00:25:31 GMT
Pragma: no-cache
Server: pve-api-daemon/3.0

{"data":{"upid":"UPID:pve:00011F25:00123222:6708706B:vzcreate:103:root@pam!terraform:","pstart":1192482,"status":"running","user":"root@pam","node":"pve","id":"103","pid":73509,"starttime":1728606315,"tokenid":"terraform","type":"vzcreate"}}
2024/10/10 19:25:25 >>>>>>>>>> REQUEST:
GET /api2/json/nodes/pve/tasks/UPID:pve:00011F25:00123222:6708706B:vzcreate:103:root@pam!terraform:/status HTTP/1.1
Host: 192.168.2.18:8006
User-Agent: Go-http-client/1.1
Accept: application/json
Authorization: PVEAPIToken=root@pam!terraform=bdeb84a5-2cc6-4b12-a135-e6b81d88366c
Accept-Encoding: gzip

2024/10/10 19:25:25 <<<<<<<<<< RESULT:
HTTP/1.1 200 OK
Content-Length: 241
Cache-Control: max-age=0
Connection: Keep-Alive
Connection: Keep-Alive
Content-Type: application/json;charset=UTF-8
Date: Fri, 11 Oct 2024 00:25:33 GMT
Expires: Fri, 11 Oct 2024 00:25:33 GMT
Pragma: no-cache
Server: pve-api-daemon/3.0

{"data":{"upid":"UPID:pve:00011F25:00123222:6708706B:vzcreate:103:root@pam!terraform:","status":"running","pstart":1192482,"pid":73509,"id":"103","node":"pve","user":"root@pam","tokenid":"terraform","type":"vzcreate","starttime":1728606315}}
2024/10/10 19:25:27 >>>>>>>>>> REQUEST:
GET /api2/json/nodes/pve/tasks/UPID:pve:00011F25:00123222:6708706B:vzcreate:103:root@pam!terraform:/status HTTP/1.1
Host: 192.168.2.18:8006
User-Agent: Go-http-client/1.1
Accept: application/json
Authorization: PVEAPIToken=root@pam!terraform=bdeb84a5-2cc6-4b12-a135-e6b81d88366c
Accept-Encoding: gzip

2024/10/10 19:25:27 <<<<<<<<<< RESULT:
HTTP/1.1 200 OK
Content-Length: 259
Cache-Control: max-age=0
Connection: Keep-Alive
Connection: Keep-Alive
Content-Type: application/json;charset=UTF-8
Date: Fri, 11 Oct 2024 00:25:35 GMT
Expires: Fri, 11 Oct 2024 00:25:35 GMT
Pragma: no-cache
Server: pve-api-daemon/3.0

{"data":{"exitstatus":"OK","status":"stopped","pstart":1192482,"upid":"UPID:pve:00011F25:00123222:6708706B:vzcreate:103:root@pam!terraform:","tokenid":"terraform","type":"vzcreate","starttime":1728606315,"pid":73509,"id":"103","node":"pve","user":"root@pam"}}
2024/10/10 19:25:27 >>>>>>>>>> REQUEST:
GET /api2/json/cluster/resources?type=vm HTTP/1.1
Host: 192.168.2.18:8006
User-Agent: Go-http-client/1.1
Accept: application/json
Authorization: PVEAPIToken=root@pam!terraform=bdeb84a5-2cc6-4b12-a135-e6b81d88366c
Accept-Encoding: gzip

2024/10/10 19:25:27 <<<<<<<<<< RESULT:
HTTP/1.1 200 OK
Content-Length: 997
Cache-Control: max-age=0
Connection: Keep-Alive
Content-Type: application/json;charset=UTF-8
Date: Fri, 11 Oct 2024 00:25:35 GMT
Expires: Fri, 11 Oct 2024 00:25:35 GMT
Pragma: no-cache
Server: pve-api-daemon/3.0

{"data":[{"diskwrite":0,"id":"qemu/100","diskread":0,"uptime":0,"mem":0,"template":0,"node":"pve","netin":0,"netout":0,"cpu":0,"type":"qemu","disk":0,"maxmem":8518631424,"vmid":100,"maxcpu":4,"status":"stopped","name":"DevMachine","maxdisk":214748364800},{"node":"pve","mem":0,"uptime":0,"template":0,"netin":0,"diskread":0,"id":"qemu/101","diskwrite":0,"maxcpu":4,"status":"stopped","maxdisk":214748364800,"name":"GithubActions","vmid":101,"maxmem":8518631424,"disk":0,"type":"qemu","netout":0,"cpu":0},{"netin":0,"mem":0,"template":0,"uptime":0,"node":"pve","diskread":0,"id":"qemu/102","diskwrite":0,"maxdisk":34359738368,"name":"JiraOpenSource","status":"stopped","maxcpu":2,"vmid":102,"maxmem":4294967296,"type":"qemu","netout":0,"cpu":0,"disk":0},{"diskwrite":0,"id":"lxc/103","diskread":0,"node":"pve","mem":0,"uptime":0,"template":0,"netin":0,"disk":0,"netout":0,"type":"lxc","cpu":0,"maxmem":536870912,"vmid":103,"maxcpu":4,"status":"stopped","name":"lxc-huly-srv","maxdisk":8589934592}]}
2024/10/10 19:25:27 >>>>>>>>>> REQUEST:
GET /api2/json/nodes/pve/lxc/103/config HTTP/1.1
Host: 192.168.2.18:8006
User-Agent: Go-http-client/1.1
Accept: application/json
Authorization: PVEAPIToken=root@pam!terraform=bdeb84a5-2cc6-4b12-a135-e6b81d88366c
Accept-Encoding: gzip

2024/10/10 19:25:27 <<<<<<<<<< RESULT:
HTTP/1.1 200 OK
Content-Length: 380
Cache-Control: max-age=0
Connection: Keep-Alive
Content-Type: application/json;charset=UTF-8
Date: Fri, 11 Oct 2024 00:25:35 GMT
Expires: Fri, 11 Oct 2024 00:25:35 GMT
Pragma: no-cache
Server: pve-api-daemon/3.0

{"data":{"protection":0,"net0":"name=eth0,bridge=vmbr0,hwaddr=9E:7B:7D:93:31:19,ip=192.168.2.30/24,type=veth","ostype":"ubuntu","console":1,"cpulimit":"0","onboot":1,"swap":0,"cmode":"tty","unprivileged":1,"memory":512,"cpuunits":1024,"arch":"amd64","tty":2,"digest":"5d48ed796429f5713c33175b8471d7fce849d4af","rootfs":"local-lvm:vm-103-disk-0,size=8G","hostname":"lxc-huly-srv"}}
2024/10/10 19:25:27 >>>>>>>>>> REQUEST:
GET /api2/json/cluster/ha/resources/103 HTTP/1.1
Host: 192.168.2.18:8006
User-Agent: Go-http-client/1.1
Accept: application/json
Authorization: PVEAPIToken=root@pam!terraform=bdeb84a5-2cc6-4b12-a135-e6b81d88366c
Accept-Encoding: gzip

2024/10/10 19:25:27 <<<<<<<<<< RESULT:
HTTP/1.1 500 no such resource 'ct:103'
Connection: close
Content-Length: 13
Cache-Control: max-age=0
Content-Type: application/json;charset=UTF-8
Date: Fri, 11 Oct 2024 00:25:35 GMT
Expires: Fri, 11 Oct 2024 00:25:35 GMT
Pragma: no-cache
Server: pve-api-daemon/3.0

{"data":null}
2024/10/10 19:25:27 >>>>>>>>>> REQUEST:
GET /api2/json/pools HTTP/1.1
Host: 192.168.2.18:8006
User-Agent: Go-http-client/1.1
Accept: application/json
Authorization: PVEAPIToken=root@pam!terraform=bdeb84a5-2cc6-4b12-a135-e6b81d88366c
Accept-Encoding: gzip

2024/10/10 19:25:27 <<<<<<<<<< RESULT:
HTTP/1.1 200 OK
Content-Length: 11
Cache-Control: max-age=0
Connection: Keep-Alive
Content-Type: application/json;charset=UTF-8
Date: Fri, 11 Oct 2024 00:25:35 GMT
Expires: Fri, 11 Oct 2024 00:25:35 GMT
Pragma: no-cache
Server: pve-api-daemon/3.0

{"data":[]}
[90mThu, 10 Oct 2024 19:30:26 -0500[0m [32mINF[0m [1mgithub.com/Telmate/terraform-provider-proxmox/v2/proxmox/util.go:158[0m[36m >[0m [1mEnabling the capture of log-library logs as ithe _capturelog flag was detected[0m
[90mThu, 10 Oct 2024 19:30:26 -0500[0m [32mINF[0m [1mgithub.com/Telmate/terraform-provider-proxmox/v2/proxmox/util.go:191[0m[36m >[0m [1mLogging Started. Root Logger Set to level debug[0m
2024/10/10 19:30:26 >>>>>>>>>> REQUEST:
GET /api2/json/cluster/resources?type=vm HTTP/1.1
Host: 192.168.2.18:8006
User-Agent: Go-http-client/1.1
Accept: application/json
Authorization: PVEAPIToken=root@pam!terraform=bdeb84a5-2cc6-4b12-a135-e6b81d88366c
Accept-Encoding: gzip

2024/10/10 19:30:26 <<<<<<<<<< RESULT:
HTTP/1.1 200 OK
Content-Length: 1035
Cache-Control: max-age=0
Connection: Keep-Alive
Content-Type: application/json;charset=UTF-8
Date: Fri, 11 Oct 2024 00:30:34 GMT
Expires: Fri, 11 Oct 2024 00:30:34 GMT
Pragma: no-cache
Server: pve-api-daemon/3.0

{"data":[{"maxmem":8518631424,"netout":0,"type":"qemu","cpu":0,"disk":0,"name":"DevMachine","maxdisk":214748364800,"status":"stopped","maxcpu":4,"vmid":100,"id":"qemu/100","diskwrite":0,"netin":0,"mem":0,"uptime":0,"template":0,"node":"pve","diskread":0},{"maxmem":8518631424,"disk":0,"type":"qemu","netout":0,"cpu":0,"maxdisk":214748364800,"name":"GithubActions","status":"stopped","maxcpu":4,"vmid":101,"id":"qemu/101","diskwrite":0,"netin":0,"node":"pve","mem":0,"uptime":0,"template":0,"diskread":0},{"disk":0,"cpu":0,"netout":0,"type":"qemu","maxmem":4294967296,"vmid":102,"maxcpu":2,"status":"stopped","name":"JiraOpenSource","maxdisk":34359738368,"diskwrite":0,"id":"qemu/102","diskread":0,"node":"pve","template":0,"mem":0,"uptime":0,"netin":0},{"netin":19133,"node":"pve","template":0,"mem":30998528,"uptime":288,"diskread":224428032,"id":"lxc/103","diskwrite":23838720,"name":"lxc-huly-srv","maxdisk":8350298112,"maxcpu":4,"status":"running","vmid":103,"maxmem":536870912,"disk":712892416,"type":"lxc","netout":446,"cpu":0}]}
2024/10/10 19:30:26 >>>>>>>>>> REQUEST:
GET /api2/json/nodes/pve/lxc/103/config HTTP/1.1
Host: 192.168.2.18:8006
User-Agent: Go-http-client/1.1
Accept: application/json
Authorization: PVEAPIToken=root@pam!terraform=bdeb84a5-2cc6-4b12-a135-e6b81d88366c
Accept-Encoding: gzip

2024/10/10 19:30:26 <<<<<<<<<< RESULT:
HTTP/1.1 200 OK
Content-Length: 380
Cache-Control: max-age=0
Connection: Keep-Alive
Content-Type: application/json;charset=UTF-8
Date: Fri, 11 Oct 2024 00:30:34 GMT
Expires: Fri, 11 Oct 2024 00:30:34 GMT
Pragma: no-cache
Server: pve-api-daemon/3.0

{"data":{"ostype":"ubuntu","console":1,"protection":0,"net0":"name=eth0,bridge=vmbr0,hwaddr=9E:7B:7D:93:31:19,ip=192.168.2.30/24,type=veth","cpuunits":1024,"tty":2,"arch":"amd64","memory":512,"rootfs":"local-lvm:vm-103-disk-0,size=8G","hostname":"lxc-huly-srv","digest":"5d48ed796429f5713c33175b8471d7fce849d4af","swap":0,"cmode":"tty","cpulimit":"0","onboot":1,"unprivileged":1}}
2024/10/10 19:30:26 >>>>>>>>>> REQUEST:
GET /api2/json/cluster/ha/resources/103 HTTP/1.1
Host: 192.168.2.18:8006
User-Agent: Go-http-client/1.1
Accept: application/json
Authorization: PVEAPIToken=root@pam!terraform=bdeb84a5-2cc6-4b12-a135-e6b81d88366c
Accept-Encoding: gzip

2024/10/10 19:30:26 <<<<<<<<<< RESULT:
HTTP/1.1 500 no such resource 'ct:103'
Connection: close
Content-Length: 13
Cache-Control: max-age=0
Content-Type: application/json;charset=UTF-8
Date: Fri, 11 Oct 2024 00:30:34 GMT
Expires: Fri, 11 Oct 2024 00:30:34 GMT
Pragma: no-cache
Server: pve-api-daemon/3.0

{"data":null}
2024/10/10 19:30:26 >>>>>>>>>> REQUEST:
GET /api2/json/pools HTTP/1.1
Host: 192.168.2.18:8006
User-Agent: Go-http-client/1.1
Accept: application/json
Authorization: PVEAPIToken=root@pam!terraform=bdeb84a5-2cc6-4b12-a135-e6b81d88366c
Accept-Encoding: gzip

2024/10/10 19:30:26 <<<<<<<<<< RESULT:
HTTP/1.1 200 OK
Content-Length: 11
Cache-Control: max-age=0
Connection: Keep-Alive
Content-Type: application/json;charset=UTF-8
Date: Fri, 11 Oct 2024 00:30:34 GMT
Expires: Fri, 11 Oct 2024 00:30:34 GMT
Pragma: no-cache
Server: pve-api-daemon/3.0

{"data":[]}
[90mThu, 10 Oct 2024 19:30:26 -0500[0m [32mINF[0m [1mgithub.com/Telmate/terraform-provider-proxmox/v2/proxmox/util.go:158[0m[36m >[0m [1mEnabling the capture of log-library logs as ithe _capturelog flag was detected[0m
[90mThu, 10 Oct 2024 19:30:26 -0500[0m [32mINF[0m [1mgithub.com/Telmate/terraform-provider-proxmox/v2/proxmox/util.go:191[0m[36m >[0m [1mLogging Started. Root Logger Set to level debug[0m
[90mThu, 10 Oct 2024 19:32:12 -0500[0m [32mINF[0m [1mgithub.com/Telmate/terraform-provider-proxmox/v2/proxmox/util.go:158[0m[36m >[0m [1mEnabling the capture of log-library logs as ithe _capturelog flag was detected[0m
[90mThu, 10 Oct 2024 19:32:12 -0500[0m [32mINF[0m [1mgithub.com/Telmate/terraform-provider-proxmox/v2/proxmox/util.go:191[0m[36m >[0m [1mLogging Started. Root Logger Set to level debug[0m
2024/10/10 19:32:12 >>>>>>>>>> REQUEST:
GET /api2/json/cluster/resources?type=vm HTTP/1.1
Host: 192.168.2.18:8006
User-Agent: Go-http-client/1.1
Accept: application/json
Authorization: PVEAPIToken=root@pam!terraform=bdeb84a5-2cc6-4b12-a135-e6b81d88366c
Accept-Encoding: gzip

2024/10/10 19:32:12 <<<<<<<<<< RESULT:
HTTP/1.1 200 OK
Content-Length: 1035
Cache-Control: max-age=0
Connection: Keep-Alive
Content-Type: application/json;charset=UTF-8
Date: Fri, 11 Oct 2024 00:32:20 GMT
Expires: Fri, 11 Oct 2024 00:32:20 GMT
Pragma: no-cache
Server: pve-api-daemon/3.0

{"data":[{"maxmem":8518631424,"disk":0,"netout":0,"type":"qemu","cpu":0,"status":"stopped","maxcpu":4,"name":"DevMachine","maxdisk":214748364800,"vmid":100,"id":"qemu/100","diskwrite":0,"node":"pve","uptime":0,"mem":0,"template":0,"netin":0,"diskread":0},{"id":"qemu/101","diskwrite":0,"node":"pve","mem":0,"template":0,"uptime":0,"netin":0,"diskread":0,"maxmem":8518631424,"disk":0,"type":"qemu","netout":0,"cpu":0,"status":"stopped","maxcpu":4,"name":"GithubActions","maxdisk":214748364800,"vmid":101},{"maxmem":4294967296,"type":"qemu","netout":0,"cpu":0,"disk":0,"maxcpu":2,"status":"stopped","maxdisk":34359738368,"name":"JiraOpenSource","vmid":102,"id":"qemu/102","diskwrite":0,"mem":0,"template":0,"uptime":0,"node":"pve","netin":0,"diskread":0},{"id":"lxc/103","diskwrite":24051712,"mem":31002624,"template":0,"uptime":398,"node":"pve","netin":25953,"diskread":224428032,"maxmem":536870912,"type":"lxc","netout":446,"cpu":0,"disk":712892416,"maxcpu":4,"status":"running","maxdisk":8350298112,"name":"lxc-huly-srv","vmid":103}]}
2024/10/10 19:32:12 >>>>>>>>>> REQUEST:
GET /api2/json/nodes/pve/lxc/103/config HTTP/1.1
Host: 192.168.2.18:8006
User-Agent: Go-http-client/1.1
Accept: application/json
Authorization: PVEAPIToken=root@pam!terraform=bdeb84a5-2cc6-4b12-a135-e6b81d88366c
Accept-Encoding: gzip

2024/10/10 19:32:12 <<<<<<<<<< RESULT:
HTTP/1.1 200 OK
Content-Length: 380
Cache-Control: max-age=0
Connection: Keep-Alive
Content-Type: application/json;charset=UTF-8
Date: Fri, 11 Oct 2024 00:32:20 GMT
Expires: Fri, 11 Oct 2024 00:32:20 GMT
Pragma: no-cache
Server: pve-api-daemon/3.0

{"data":{"cmode":"tty","swap":0,"onboot":1,"cpulimit":"0","unprivileged":1,"arch":"amd64","tty":2,"cpuunits":1024,"memory":512,"hostname":"lxc-huly-srv","rootfs":"local-lvm:vm-103-disk-0,size=8G","digest":"5d48ed796429f5713c33175b8471d7fce849d4af","net0":"name=eth0,bridge=vmbr0,hwaddr=9E:7B:7D:93:31:19,ip=192.168.2.30/24,type=veth","protection":0,"ostype":"ubuntu","console":1}}
2024/10/10 19:32:12 >>>>>>>>>> REQUEST:
GET /api2/json/cluster/ha/resources/103 HTTP/1.1
Host: 192.168.2.18:8006
User-Agent: Go-http-client/1.1
Accept: application/json
Authorization: PVEAPIToken=root@pam!terraform=bdeb84a5-2cc6-4b12-a135-e6b81d88366c
Accept-Encoding: gzip

2024/10/10 19:32:12 <<<<<<<<<< RESULT:
HTTP/1.1 500 no such resource 'ct:103'
Connection: close
Content-Length: 13
Cache-Control: max-age=0
Content-Type: application/json;charset=UTF-8
Date: Fri, 11 Oct 2024 00:32:20 GMT
Expires: Fri, 11 Oct 2024 00:32:20 GMT
Pragma: no-cache
Server: pve-api-daemon/3.0

{"data":null}
2024/10/10 19:32:12 >>>>>>>>>> REQUEST:
GET /api2/json/pools HTTP/1.1
Host: 192.168.2.18:8006
User-Agent: Go-http-client/1.1
Accept: application/json
Authorization: PVEAPIToken=root@pam!terraform=bdeb84a5-2cc6-4b12-a135-e6b81d88366c
Accept-Encoding: gzip

2024/10/10 19:32:12 <<<<<<<<<< RESULT:
HTTP/1.1 200 OK
Content-Length: 11
Cache-Control: max-age=0
Connection: Keep-Alive
Content-Type: application/json;charset=UTF-8
Date: Fri, 11 Oct 2024 00:32:20 GMT
Expires: Fri, 11 Oct 2024 00:32:20 GMT
Pragma: no-cache
Server: pve-api-daemon/3.0

{"data":[]}
[90mThu, 10 Oct 2024 19:32:12 -0500[0m [32mINF[0m [1mgithub.com/Telmate/terraform-provider-proxmox/v2/proxmox/util.go:158[0m[36m >[0m [1mEnabling the capture of log-library logs as ithe _capturelog flag was detected[0m
[90mThu, 10 Oct 2024 19:32:12 -0500[0m [32mINF[0m [1mgithub.com/Telmate/terraform-provider-proxmox/v2/proxmox/util.go:191[0m[36m >[0m [1mLogging Started. Root Logger Set to level debug[0m
[90mThu, 10 Oct 2024 19:36:25 -0500[0m [32mINF[0m [1mgithub.com/Telmate/terraform-provider-proxmox/v2/proxmox/util.go:158[0m[36m >[0m [1mEnabling the capture of log-library logs as ithe _capturelog flag was detected[0m
[90mThu, 10 Oct 2024 19:36:25 -0500[0m [32mINF[0m [1mgithub.com/Telmate/terraform-provider-proxmox/v2/proxmox/util.go:191[0m[36m >[0m [1mLogging Started. Root Logger Set to level debug[0m
2024/10/10 19:36:25 >>>>>>>>>> REQUEST:
GET /api2/json/cluster/resources?type=vm HTTP/1.1
Host: 192.168.2.18:8006
User-Agent: Go-http-client/1.1
Accept: application/json
Authorization: PVEAPIToken=root@pam!terraform=bdeb84a5-2cc6-4b12-a135-e6b81d88366c
Accept-Encoding: gzip

2024/10/10 19:36:25 <<<<<<<<<< RESULT:
HTTP/1.1 200 OK
Content-Length: 754
Cache-Control: max-age=0
Connection: Keep-Alive
Content-Type: application/json;charset=UTF-8
Date: Fri, 11 Oct 2024 00:36:34 GMT
Expires: Fri, 11 Oct 2024 00:36:34 GMT
Pragma: no-cache
Server: pve-api-daemon/3.0

{"data":[{"id":"qemu/100","diskwrite":0,"mem":0,"uptime":0,"template":0,"node":"pve","netin":0,"diskread":0,"maxmem":8518631424,"netout":0,"cpu":0,"type":"qemu","disk":0,"maxcpu":4,"status":"stopped","maxdisk":214748364800,"name":"DevMachine","vmid":100},{"diskread":0,"node":"pve","uptime":0,"mem":0,"template":0,"netin":0,"diskwrite":0,"id":"qemu/101","vmid":101,"status":"stopped","maxcpu":4,"maxdisk":214748364800,"name":"GithubActions","disk":0,"type":"qemu","netout":0,"cpu":0,"maxmem":8518631424},{"diskwrite":0,"id":"qemu/102","diskread":0,"netin":0,"node":"pve","mem":0,"template":0,"uptime":0,"disk":0,"type":"qemu","netout":0,"cpu":0,"maxmem":4294967296,"vmid":102,"name":"JiraOpenSource","maxdisk":34359738368,"status":"stopped","maxcpu":2}]}
[90mThu, 10 Oct 2024 19:36:37 -0500[0m [32mINF[0m [1mgithub.com/Telmate/terraform-provider-proxmox/v2/proxmox/util.go:158[0m[36m >[0m [1mEnabling the capture of log-library logs as ithe _capturelog flag was detected[0m
[90mThu, 10 Oct 2024 19:36:37 -0500[0m [32mINF[0m [1mgithub.com/Telmate/terraform-provider-proxmox/v2/proxmox/util.go:191[0m[36m >[0m [1mLogging Started. Root Logger Set to level debug[0m
[90mThu, 10 Oct 2024 19:36:37 -0500[0m [32mINF[0m [1mgithub.com/Telmate/terraform-provider-proxmox/v2/proxmox/util.go:158[0m[36m >[0m [1mEnabling the capture of log-library logs as ithe _capturelog flag was detected[0m
[90mThu, 10 Oct 2024 19:36:37 -0500[0m [32mINF[0m [1mgithub.com/Telmate/terraform-provider-proxmox/v2/proxmox/util.go:191[0m[36m >[0m [1mLogging Started. Root Logger Set to level debug[0m
2024/10/10 19:36:38 [DEBUG] setting computed for "unused" from ComputedKeys
2024/10/10 19:36:38 >>>>>>>>>> REQUEST:
GET /api2/json/cluster/nextid HTTP/1.1
Host: 192.168.2.18:8006
User-Agent: Go-http-client/1.1
Accept: application/json
Authorization: PVEAPIToken=root@pam!terraform=bdeb84a5-2cc6-4b12-a135-e6b81d88366c
Accept-Encoding: gzip

2024/10/10 19:36:38 <<<<<<<<<< RESULT:
HTTP/1.1 200 OK
Content-Length: 14
Cache-Control: max-age=0
Connection: Keep-Alive
Content-Type: application/json;charset=UTF-8
Date: Fri, 11 Oct 2024 00:36:47 GMT
Expires: Fri, 11 Oct 2024 00:36:47 GMT
Pragma: no-cache
Server: pve-api-daemon/3.0

{"data":"103"}
2024/10/10 19:36:38 >>>>>>>>>> REQUEST:
POST /api2/json/nodes/pve/lxc HTTP/1.1
Host: 192.168.2.18:8006
User-Agent: Go-http-client/1.1
Content-Length: 1142
Accept: application/json
Authorization: PVEAPIToken=root@pam!terraform=bdeb84a5-2cc6-4b12-a135-e6b81d88366c
Content-Type: application/x-www-form-urlencoded
Accept-Encoding: gzip

arch=amd64&cmode=tty&console=1&cpulimit=0&cpuunits=1024&hostname=lxc-huly-srv&memory=512&net0=name%3Deth0%2Cip%3D192.168.2.30%2F24%2Cbridge%3Dvmbr0&onboot=1&ostemplate=local%3Avztmpl%2Fubuntu-20.04-standard_20.04-1_amd64.tar.gz&password=52878911&protection=0&rootfs=local-lvm%3A8&ssh-public-keys=ssh-rsa+AAAAB3NzaC1yc2EAAAADAQABAAACAQCnZCrM3nXh8%2BO640SPRqfWOxFo%2Fed91iJCU4SgxRMzr%2BBSJnm1gas9UTrNJfxRg5XOtu1Nh%2FHO8D5ZFPUGuHqpENmyF6fE8OK7TbJYszMngJCU%2BG19DOdmOg%2F8CUId5%2BZJPW3uAlk3CK1t7YmfmlchgunCYP9tUDQNREKUrvqkbaXfmoOYP9x2IZMVRV8%2F1HyGEMuIh2AMd5ggpx1XiiqY3vdqAD1XqAbIIRB3Hptizz0%2BQWt1SHBauoXuW2sFcoTnaaIWyL22BaFT3BewtOhSXUkqxgVf9tWHOl4HzXXCSqadUuOjkYoNrwfvHA8kslV%2FtbOGu95lIn9A5JvOq3P%2B4TrAZOSAJXPoCtOx6vUnuQerfOZz7cUobx8eb2UoKt9HBHGBxCMBAnPKNVdE6F%2Fny6%2B1tzcXYV%2BT5N5RACfMLF6J3Mo4QAsNg2fjrn7Etx54J%2B%2BdQ%2FLzX7TAzDji8yFABpy3d%2BqLuVVba0tvJZC7%2FWO0ibCIZNfjz6trQoPu1WWN4L%2BSPZthFGhMuZ9qNp%2BTwL7VfM9qWUrTW8Me%2FNw03DF5gfn99fNmPj9kistsPELR3v8XwgCglh3bS%2Bo93Ge%2FN57CXlN%2BbQ4mNcA0Ad3UVWc8Yg5vkNQ0APE7UJhvu4PRz1of%2BQNTkL%2FrhRGHH%2Be1G9k8M29nmr6WoN1Id3jITQ%3D%3D%0A&start=1&storage=local&swap=0&tty=2&unprivileged=1&vmid=103
2024/10/10 19:36:38 <<<<<<<<<< RESULT:
HTTP/1.1 200 OK
Connection: close
Content-Length: 79
Cache-Control: max-age=0
Content-Type: application/json;charset=UTF-8
Date: Fri, 11 Oct 2024 00:36:47 GMT
Expires: Fri, 11 Oct 2024 00:36:47 GMT
Pragma: no-cache
Server: pve-api-daemon/3.0

{"data":"UPID:pve:0001294F:00134056:6708731F:vzcreate:103:root@pam!terraform:"}
2024/10/10 19:36:38 >>>>>>>>>> REQUEST:
GET /api2/json/nodes/pve/tasks/UPID:pve:0001294F:00134056:6708731F:vzcreate:103:root@pam!terraform:/status HTTP/1.1
Host: 192.168.2.18:8006
User-Agent: Go-http-client/1.1
Accept: application/json
Authorization: PVEAPIToken=root@pam!terraform=bdeb84a5-2cc6-4b12-a135-e6b81d88366c
Accept-Encoding: gzip

2024/10/10 19:36:38 <<<<<<<<<< RESULT:
HTTP/1.1 200 OK
Content-Length: 241
Cache-Control: max-age=0
Connection: Keep-Alive
Connection: Keep-Alive
Content-Type: application/json;charset=UTF-8
Date: Fri, 11 Oct 2024 00:36:47 GMT
Expires: Fri, 11 Oct 2024 00:36:47 GMT
Pragma: no-cache
Server: pve-api-daemon/3.0

{"data":{"id":"103","pid":76111,"user":"root@pam","node":"pve","starttime":1728607007,"type":"vzcreate","tokenid":"terraform","upid":"UPID:pve:0001294F:00134056:6708731F:vzcreate:103:root@pam!terraform:","status":"running","pstart":1261654}}
2024/10/10 19:36:40 >>>>>>>>>> REQUEST:
GET /api2/json/nodes/pve/tasks/UPID:pve:0001294F:00134056:6708731F:vzcreate:103:root@pam!terraform:/status HTTP/1.1
Host: 192.168.2.18:8006
User-Agent: Go-http-client/1.1
Accept: application/json
Authorization: PVEAPIToken=root@pam!terraform=bdeb84a5-2cc6-4b12-a135-e6b81d88366c
Accept-Encoding: gzip

2024/10/10 19:36:40 <<<<<<<<<< RESULT:
HTTP/1.1 200 OK
Content-Length: 241
Cache-Control: max-age=0
Connection: Keep-Alive
Connection: Keep-Alive
Content-Type: application/json;charset=UTF-8
Date: Fri, 11 Oct 2024 00:36:49 GMT
Expires: Fri, 11 Oct 2024 00:36:49 GMT
Pragma: no-cache
Server: pve-api-daemon/3.0

{"data":{"pstart":1261654,"status":"running","upid":"UPID:pve:0001294F:00134056:6708731F:vzcreate:103:root@pam!terraform:","tokenid":"terraform","type":"vzcreate","starttime":1728607007,"node":"pve","user":"root@pam","pid":76111,"id":"103"}}
2024/10/10 19:36:42 >>>>>>>>>> REQUEST:
GET /api2/json/nodes/pve/tasks/UPID:pve:0001294F:00134056:6708731F:vzcreate:103:root@pam!terraform:/status HTTP/1.1
Host: 192.168.2.18:8006
User-Agent: Go-http-client/1.1
Accept: application/json
Authorization: PVEAPIToken=root@pam!terraform=bdeb84a5-2cc6-4b12-a135-e6b81d88366c
Accept-Encoding: gzip

2024/10/10 19:36:42 <<<<<<<<<< RESULT:
HTTP/1.1 200 OK
Content-Length: 241
Cache-Control: max-age=0
Connection: Keep-Alive
Connection: Keep-Alive
Content-Type: application/json;charset=UTF-8
Date: Fri, 11 Oct 2024 00:36:51 GMT
Expires: Fri, 11 Oct 2024 00:36:51 GMT
Pragma: no-cache
Server: pve-api-daemon/3.0

{"data":{"upid":"UPID:pve:0001294F:00134056:6708731F:vzcreate:103:root@pam!terraform:","status":"running","pstart":1261654,"pid":76111,"id":"103","node":"pve","user":"root@pam","type":"vzcreate","tokenid":"terraform","starttime":1728607007}}
2024/10/10 19:36:44 >>>>>>>>>> REQUEST:
GET /api2/json/nodes/pve/tasks/UPID:pve:0001294F:00134056:6708731F:vzcreate:103:root@pam!terraform:/status HTTP/1.1
Host: 192.168.2.18:8006
User-Agent: Go-http-client/1.1
Accept: application/json
Authorization: PVEAPIToken=root@pam!terraform=bdeb84a5-2cc6-4b12-a135-e6b81d88366c
Accept-Encoding: gzip

2024/10/10 19:36:44 <<<<<<<<<< RESULT:
HTTP/1.1 200 OK
Content-Length: 241
Cache-Control: max-age=0
Connection: Keep-Alive
Connection: Keep-Alive
Content-Type: application/json;charset=UTF-8
Date: Fri, 11 Oct 2024 00:36:53 GMT
Expires: Fri, 11 Oct 2024 00:36:53 GMT
Pragma: no-cache
Server: pve-api-daemon/3.0

{"data":{"pstart":1261654,"status":"running","upid":"UPID:pve:0001294F:00134056:6708731F:vzcreate:103:root@pam!terraform:","starttime":1728607007,"type":"vzcreate","tokenid":"terraform","user":"root@pam","node":"pve","id":"103","pid":76111}}
2024/10/10 19:36:46 >>>>>>>>>> REQUEST:
GET /api2/json/nodes/pve/tasks/UPID:pve:0001294F:00134056:6708731F:vzcreate:103:root@pam!terraform:/status HTTP/1.1
Host: 192.168.2.18:8006
User-Agent: Go-http-client/1.1
Accept: application/json
Authorization: PVEAPIToken=root@pam!terraform=bdeb84a5-2cc6-4b12-a135-e6b81d88366c
Accept-Encoding: gzip

2024/10/10 19:36:46 <<<<<<<<<< RESULT:
HTTP/1.1 200 OK
Content-Length: 241
Cache-Control: max-age=0
Connection: Keep-Alive
Connection: Keep-Alive
Content-Type: application/json;charset=UTF-8
Date: Fri, 11 Oct 2024 00:36:55 GMT
Expires: Fri, 11 Oct 2024 00:36:55 GMT
Pragma: no-cache
Server: pve-api-daemon/3.0

{"data":{"upid":"UPID:pve:0001294F:00134056:6708731F:vzcreate:103:root@pam!terraform:","pstart":1261654,"status":"running","user":"root@pam","node":"pve","id":"103","pid":76111,"starttime":1728607007,"tokenid":"terraform","type":"vzcreate"}}
2024/10/10 19:36:48 >>>>>>>>>> REQUEST:
GET /api2/json/nodes/pve/tasks/UPID:pve:0001294F:00134056:6708731F:vzcreate:103:root@pam!terraform:/status HTTP/1.1
Host: 192.168.2.18:8006
User-Agent: Go-http-client/1.1
Accept: application/json
Authorization: PVEAPIToken=root@pam!terraform=bdeb84a5-2cc6-4b12-a135-e6b81d88366c
Accept-Encoding: gzip

2024/10/10 19:36:48 <<<<<<<<<< RESULT:
HTTP/1.1 200 OK
Content-Length: 241
Cache-Control: max-age=0
Connection: Keep-Alive
Connection: Keep-Alive
Content-Type: application/json;charset=UTF-8
Date: Fri, 11 Oct 2024 00:36:57 GMT
Expires: Fri, 11 Oct 2024 00:36:57 GMT
Pragma: no-cache
Server: pve-api-daemon/3.0

{"data":{"starttime":1728607007,"type":"vzcreate","tokenid":"terraform","id":"103","pid":76111,"user":"root@pam","node":"pve","status":"running","pstart":1261654,"upid":"UPID:pve:0001294F:00134056:6708731F:vzcreate:103:root@pam!terraform:"}}
2024/10/10 19:36:50 >>>>>>>>>> REQUEST:
GET /api2/json/nodes/pve/tasks/UPID:pve:0001294F:00134056:6708731F:vzcreate:103:root@pam!terraform:/status HTTP/1.1
Host: 192.168.2.18:8006
User-Agent: Go-http-client/1.1
Accept: application/json
Authorization: PVEAPIToken=root@pam!terraform=bdeb84a5-2cc6-4b12-a135-e6b81d88366c
Accept-Encoding: gzip

2024/10/10 19:36:50 <<<<<<<<<< RESULT:
HTTP/1.1 200 OK
Content-Length: 241
Cache-Control: max-age=0
Connection: Keep-Alive
Connection: Keep-Alive
Content-Type: application/json;charset=UTF-8
Date: Fri, 11 Oct 2024 00:36:59 GMT
Expires: Fri, 11 Oct 2024 00:36:59 GMT
Pragma: no-cache
Server: pve-api-daemon/3.0

{"data":{"upid":"UPID:pve:0001294F:00134056:6708731F:vzcreate:103:root@pam!terraform:","status":"running","pstart":1261654,"pid":76111,"id":"103","node":"pve","user":"root@pam","tokenid":"terraform","type":"vzcreate","starttime":1728607007}}
2024/10/10 19:36:52 >>>>>>>>>> REQUEST:
GET /api2/json/nodes/pve/tasks/UPID:pve:0001294F:00134056:6708731F:vzcreate:103:root@pam!terraform:/status HTTP/1.1
Host: 192.168.2.18:8006
User-Agent: Go-http-client/1.1
Accept: application/json
Authorization: PVEAPIToken=root@pam!terraform=bdeb84a5-2cc6-4b12-a135-e6b81d88366c
Accept-Encoding: gzip

2024/10/10 19:36:52 <<<<<<<<<< RESULT:
HTTP/1.1 200 OK
Content-Length: 241
Cache-Control: max-age=0
Connection: Keep-Alive
Connection: Keep-Alive
Content-Type: application/json;charset=UTF-8
Date: Fri, 11 Oct 2024 00:37:01 GMT
Expires: Fri, 11 Oct 2024 00:37:01 GMT
Pragma: no-cache
Server: pve-api-daemon/3.0

{"data":{"pid":76111,"id":"103","node":"pve","user":"root@pam","type":"vzcreate","tokenid":"terraform","starttime":1728607007,"upid":"UPID:pve:0001294F:00134056:6708731F:vzcreate:103:root@pam!terraform:","status":"running","pstart":1261654}}
2024/10/10 19:36:54 >>>>>>>>>> REQUEST:
GET /api2/json/nodes/pve/tasks/UPID:pve:0001294F:00134056:6708731F:vzcreate:103:root@pam!terraform:/status HTTP/1.1
Host: 192.168.2.18:8006
User-Agent: Go-http-client/1.1
Accept: application/json
Authorization: PVEAPIToken=root@pam!terraform=bdeb84a5-2cc6-4b12-a135-e6b81d88366c
Accept-Encoding: gzip

2024/10/10 19:36:54 <<<<<<<<<< RESULT:
HTTP/1.1 200 OK
Content-Length: 241
Cache-Control: max-age=0
Connection: Keep-Alive
Connection: Keep-Alive
Content-Type: application/json;charset=UTF-8
Date: Fri, 11 Oct 2024 00:37:03 GMT
Expires: Fri, 11 Oct 2024 00:37:03 GMT
Pragma: no-cache
Server: pve-api-daemon/3.0

{"data":{"upid":"UPID:pve:0001294F:00134056:6708731F:vzcreate:103:root@pam!terraform:","status":"running","pstart":1261654,"pid":76111,"id":"103","node":"pve","user":"root@pam","tokenid":"terraform","type":"vzcreate","starttime":1728607007}}
2024/10/10 19:36:56 >>>>>>>>>> REQUEST:
GET /api2/json/nodes/pve/tasks/UPID:pve:0001294F:00134056:6708731F:vzcreate:103:root@pam!terraform:/status HTTP/1.1
Host: 192.168.2.18:8006
User-Agent: Go-http-client/1.1
Accept: application/json
Authorization: PVEAPIToken=root@pam!terraform=bdeb84a5-2cc6-4b12-a135-e6b81d88366c
Accept-Encoding: gzip

2024/10/10 19:36:56 <<<<<<<<<< RESULT:
HTTP/1.1 200 OK
Content-Length: 241
Cache-Control: max-age=0
Connection: Keep-Alive
Connection: Keep-Alive
Content-Type: application/json;charset=UTF-8
Date: Fri, 11 Oct 2024 00:37:05 GMT
Expires: Fri, 11 Oct 2024 00:37:05 GMT
Pragma: no-cache
Server: pve-api-daemon/3.0

{"data":{"pstart":1261654,"status":"running","upid":"UPID:pve:0001294F:00134056:6708731F:vzcreate:103:root@pam!terraform:","starttime":1728607007,"tokenid":"terraform","type":"vzcreate","user":"root@pam","node":"pve","id":"103","pid":76111}}
2024/10/10 19:36:58 >>>>>>>>>> REQUEST:
GET /api2/json/nodes/pve/tasks/UPID:pve:0001294F:00134056:6708731F:vzcreate:103:root@pam!terraform:/status HTTP/1.1
Host: 192.168.2.18:8006
User-Agent: Go-http-client/1.1
Accept: application/json
Authorization: PVEAPIToken=root@pam!terraform=bdeb84a5-2cc6-4b12-a135-e6b81d88366c
Accept-Encoding: gzip

2024/10/10 19:36:58 <<<<<<<<<< RESULT:
HTTP/1.1 200 OK
Content-Length: 259
Cache-Control: max-age=0
Connection: Keep-Alive
Connection: Keep-Alive
Content-Type: application/json;charset=UTF-8
Date: Fri, 11 Oct 2024 00:37:07 GMT
Expires: Fri, 11 Oct 2024 00:37:07 GMT
Pragma: no-cache
Server: pve-api-daemon/3.0

{"data":{"pstart":1261654,"status":"stopped","exitstatus":"OK","upid":"UPID:pve:0001294F:00134056:6708731F:vzcreate:103:root@pam!terraform:","starttime":1728607007,"tokenid":"terraform","type":"vzcreate","user":"root@pam","node":"pve","id":"103","pid":76111}}
2024/10/10 19:36:58 >>>>>>>>>> REQUEST:
GET /api2/json/cluster/resources?type=vm HTTP/1.1
Host: 192.168.2.18:8006
User-Agent: Go-http-client/1.1
Accept: application/json
Authorization: PVEAPIToken=root@pam!terraform=bdeb84a5-2cc6-4b12-a135-e6b81d88366c
Accept-Encoding: gzip

2024/10/10 19:36:58 <<<<<<<<<< RESULT:
HTTP/1.1 200 OK
Content-Length: 997
Cache-Control: max-age=0
Connection: Keep-Alive
Content-Type: application/json;charset=UTF-8
Date: Fri, 11 Oct 2024 00:37:07 GMT
Expires: Fri, 11 Oct 2024 00:37:07 GMT
Pragma: no-cache
Server: pve-api-daemon/3.0

{"data":[{"maxmem":8518631424,"cpu":0,"netout":0,"type":"qemu","disk":0,"maxdisk":214748364800,"name":"DevMachine","maxcpu":4,"status":"stopped","vmid":100,"id":"qemu/100","diskwrite":0,"netin":0,"mem":0,"uptime":0,"template":0,"node":"pve","diskread":0},{"vmid":101,"name":"GithubActions","maxdisk":214748364800,"status":"stopped","maxcpu":4,"disk":0,"type":"qemu","netout":0,"cpu":0,"maxmem":8518631424,"diskread":0,"netin":0,"node":"pve","mem":0,"template":0,"uptime":0,"diskwrite":0,"id":"qemu/101"},{"diskread":0,"netin":0,"node":"pve","mem":0,"template":0,"uptime":0,"diskwrite":0,"id":"qemu/102","vmid":102,"name":"JiraOpenSource","maxdisk":34359738368,"maxcpu":2,"status":"stopped","disk":0,"cpu":0,"netout":0,"type":"qemu","maxmem":4294967296},{"maxmem":536870912,"disk":0,"netout":0,"cpu":0,"type":"lxc","name":"lxc-huly-srv","maxdisk":8589934592,"maxcpu":4,"status":"stopped","vmid":103,"id":"lxc/103","diskwrite":0,"netin":0,"node":"pve","mem":0,"template":0,"uptime":0,"diskread":0}]}
2024/10/10 19:36:58 >>>>>>>>>> REQUEST:
GET /api2/json/nodes/pve/lxc/103/config HTTP/1.1
Host: 192.168.2.18:8006
User-Agent: Go-http-client/1.1
Accept: application/json
Authorization: PVEAPIToken=root@pam!terraform=bdeb84a5-2cc6-4b12-a135-e6b81d88366c
Accept-Encoding: gzip

2024/10/10 19:36:58 <<<<<<<<<< RESULT:
HTTP/1.1 200 OK
Content-Length: 380
Cache-Control: max-age=0
Connection: Keep-Alive
Content-Type: application/json;charset=UTF-8
Date: Fri, 11 Oct 2024 00:37:07 GMT
Expires: Fri, 11 Oct 2024 00:37:07 GMT
Pragma: no-cache
Server: pve-api-daemon/3.0

{"data":{"onboot":1,"cpulimit":"0","cmode":"tty","swap":0,"unprivileged":1,"memory":512,"arch":"amd64","tty":2,"cpuunits":1024,"digest":"07bcf73b82e1014ad2d33f8f98388486d4e4f19b","hostname":"lxc-huly-srv","rootfs":"local-lvm:vm-103-disk-0,size=8G","net0":"name=eth0,bridge=vmbr0,hwaddr=7E:99:95:EE:A5:C3,ip=192.168.2.30/24,type=veth","protection":0,"ostype":"ubuntu","console":1}}
2024/10/10 19:36:58 >>>>>>>>>> REQUEST:
GET /api2/json/cluster/ha/resources/103 HTTP/1.1
Host: 192.168.2.18:8006
User-Agent: Go-http-client/1.1
Accept: application/json
Authorization: PVEAPIToken=root@pam!terraform=bdeb84a5-2cc6-4b12-a135-e6b81d88366c
Accept-Encoding: gzip

2024/10/10 19:36:58 <<<<<<<<<< RESULT:
HTTP/1.1 500 no such resource 'ct:103'
Connection: close
Content-Length: 13
Cache-Control: max-age=0
Content-Type: application/json;charset=UTF-8
Date: Fri, 11 Oct 2024 00:37:07 GMT
Expires: Fri, 11 Oct 2024 00:37:07 GMT
Pragma: no-cache
Server: pve-api-daemon/3.0

{"data":null}
2024/10/10 19:36:58 >>>>>>>>>> REQUEST:
GET /api2/json/pools HTTP/1.1
Host: 192.168.2.18:8006
User-Agent: Go-http-client/1.1
Accept: application/json
Authorization: PVEAPIToken=root@pam!terraform=bdeb84a5-2cc6-4b12-a135-e6b81d88366c
Accept-Encoding: gzip

2024/10/10 19:36:59 <<<<<<<<<< RESULT:
HTTP/1.1 200 OK
Content-Length: 11
Cache-Control: max-age=0
Connection: Keep-Alive
Content-Type: application/json;charset=UTF-8
Date: Fri, 11 Oct 2024 00:37:07 GMT
Expires: Fri, 11 Oct 2024 00:37:07 GMT
Pragma: no-cache
Server: pve-api-daemon/3.0

{"data":[]}
[90mThu, 10 Oct 2024 19:57:50 -0500[0m [32mINF[0m [1mgithub.com/Telmate/terraform-provider-proxmox/v2/proxmox/util.go:158[0m[36m >[0m [1mEnabling the capture of log-library logs as ithe _capturelog flag was detected[0m
[90mThu, 10 Oct 2024 19:57:50 -0500[0m [32mINF[0m [1mgithub.com/Telmate/terraform-provider-proxmox/v2/proxmox/util.go:191[0m[36m >[0m [1mLogging Started. Root Logger Set to level debug[0m
[90mThu, 10 Oct 2024 19:57:50 -0500[0m [32mINF[0m [1mgithub.com/Telmate/terraform-provider-proxmox/v2/proxmox/util.go:158[0m[36m >[0m [1mEnabling the capture of log-library logs as ithe _capturelog flag was detected[0m
[90mThu, 10 Oct 2024 19:57:50 -0500[0m [32mINF[0m [1mgithub.com/Telmate/terraform-provider-proxmox/v2/proxmox/util.go:191[0m[36m >[0m [1mLogging Started. Root Logger Set to level debug[0m
2024/10/10 19:57:56 [DEBUG] setting computed for "unused" from ComputedKeys
2024/10/10 19:57:56 >>>>>>>>>> REQUEST:
GET /api2/json/cluster/nextid HTTP/1.1
Host: 192.168.2.18:8006
User-Agent: Go-http-client/1.1
Accept: application/json
Authorization: PVEAPIToken=root@pam!terraform=bdeb84a5-2cc6-4b12-a135-e6b81d88366c
Accept-Encoding: gzip

2024/10/10 19:57:56 <<<<<<<<<< RESULT:
HTTP/1.1 200 OK
Content-Length: 14
Cache-Control: max-age=0
Connection: Keep-Alive
Content-Type: application/json;charset=UTF-8
Date: Fri, 11 Oct 2024 00:58:04 GMT
Expires: Fri, 11 Oct 2024 00:58:04 GMT
Pragma: no-cache
Server: pve-api-daemon/3.0

{"data":"103"}
2024/10/10 19:57:56 >>>>>>>>>> REQUEST:
POST /api2/json/nodes/pve/lxc HTTP/1.1
Host: 192.168.2.18:8006
User-Agent: Go-http-client/1.1
Content-Length: 1143
Accept: application/json
Authorization: PVEAPIToken=root@pam!terraform=bdeb84a5-2cc6-4b12-a135-e6b81d88366c
Content-Type: application/x-www-form-urlencoded
Accept-Encoding: gzip

arch=amd64&cmode=tty&console=1&cpulimit=0&cpuunits=1024&hostname=lxc-huly-srv&memory=512&net0=name%3Deth0%2Cbridge%3Dvmbr0%2Cip%3D192.168.2.30%2F24%2Cgw%3D192.168.2.1&onboot=1&ostemplate=local%3Avztmpl%2Fubuntu-20.04-standard_20.04-1_amd64.tar.gz&password=52878911&protection=0&rootfs=local-lvm%3A8&ssh-public-keys=ssh-rsa+AAAAB3NzaC1yc2EAAAADAQABAAACAQDYr0Td9hb0Ig0Fft7DA3ZEFHEyJnPh3RD%2BwUczNS2KLi0tjxro5EWB8chfLVOPGCwdbRuFPwaQUq8DMPGNpa74tmvJ7Q%2BTMyKVKO7sYovsJDI%2F0VH%2FxGSok%2B3jZs7T9i%2FJvN775I4Wf9K3sTvnpt7j9rVOaIMnXh8NkvVwAjSh9dHl8FxdyXfRMBst93pE%2FZzRpl00Q1kFfR4N3OMoAl8lKfDgbXyXLc9SMHmbDWdxgiaX6M07H9IASL4dqrJRcPDGTBDIrcUVBRN2RmmmQyWA4Ajxl9%2B0gn2W9kiUgyZxvOpXc4I4DXxy4ClKRgIH7xOChWpCNQlM3lGHwZ6ONHrMCaSx5nBJMPvFLhll7gwmDXoCY9SrpOBqVO4iwjDvHYv30aamIDZRTL19pFyhS8K%2F%2FUNQxaj1zp8HJtFZneh4R7wA19BlViROvSINx92zU%2Bi2SqaALi2aFgpkNWq6F872VogTkageR2SU6x1NaNv0C7gWPcvux2XXAeP%2FqJwWkzC1jNFc0M3RDWbd%2F%2Fi0YvPCibxmeX2KoYYv3QMiTTlGDPK%2Fo62wkybxD0JdOv%2FTWJYVKwqn2obuoM%2FYAlRmLTGJU9kePNnEDMY2deE5OnPWSm4jvtUsEEpXgwOivtwRjgslyfmyByGf%2FWvw%2Bz3XPo0jM0WWt8JRUo1szAqNqOVUCw%3D%3D%0A&start=1&storage=local&swap=0&tty=2&unprivileged=1&vmid=103
2024/10/10 19:57:56 <<<<<<<<<< RESULT:
HTTP/1.1 200 OK
Connection: close
Content-Length: 79
Cache-Control: max-age=0
Content-Type: application/json;charset=UTF-8
Date: Fri, 11 Oct 2024 00:58:04 GMT
Expires: Fri, 11 Oct 2024 00:58:04 GMT
Pragma: no-cache
Server: pve-api-daemon/3.0

{"data":"UPID:pve:00018691:00153364:6708781C:vzcreate:103:root@pam!terraform:"}
2024/10/10 19:57:56 >>>>>>>>>> REQUEST:
GET /api2/json/nodes/pve/tasks/UPID:pve:00018691:00153364:6708781C:vzcreate:103:root@pam!terraform:/status HTTP/1.1
Host: 192.168.2.18:8006
User-Agent: Go-http-client/1.1
Accept: application/json
Authorization: PVEAPIToken=root@pam!terraform=bdeb84a5-2cc6-4b12-a135-e6b81d88366c
Accept-Encoding: gzip

2024/10/10 19:57:56 <<<<<<<<<< RESULT:
HTTP/1.1 200 OK
Content-Length: 241
Cache-Control: max-age=0
Connection: Keep-Alive
Connection: Keep-Alive
Content-Type: application/json;charset=UTF-8
Date: Fri, 11 Oct 2024 00:58:04 GMT
Expires: Fri, 11 Oct 2024 00:58:04 GMT
Pragma: no-cache
Server: pve-api-daemon/3.0

{"data":{"upid":"UPID:pve:00018691:00153364:6708781C:vzcreate:103:root@pam!terraform:","status":"running","pstart":1389412,"pid":99985,"id":"103","node":"pve","user":"root@pam","type":"vzcreate","tokenid":"terraform","starttime":1728608284}}
2024/10/10 19:57:58 >>>>>>>>>> REQUEST:
GET /api2/json/nodes/pve/tasks/UPID:pve:00018691:00153364:6708781C:vzcreate:103:root@pam!terraform:/status HTTP/1.1
Host: 192.168.2.18:8006
User-Agent: Go-http-client/1.1
Accept: application/json
Authorization: PVEAPIToken=root@pam!terraform=bdeb84a5-2cc6-4b12-a135-e6b81d88366c
Accept-Encoding: gzip

2024/10/10 19:57:58 <<<<<<<<<< RESULT:
HTTP/1.1 200 OK
Content-Length: 241
Cache-Control: max-age=0
Connection: Keep-Alive
Connection: Keep-Alive
Content-Type: application/json;charset=UTF-8
Date: Fri, 11 Oct 2024 00:58:06 GMT
Expires: Fri, 11 Oct 2024 00:58:06 GMT
Pragma: no-cache
Server: pve-api-daemon/3.0

{"data":{"type":"vzcreate","tokenid":"terraform","starttime":1728608284,"node":"pve","user":"root@pam","pid":99985,"id":"103","pstart":1389412,"status":"running","upid":"UPID:pve:00018691:00153364:6708781C:vzcreate:103:root@pam!terraform:"}}
2024/10/10 19:58:00 >>>>>>>>>> REQUEST:
GET /api2/json/nodes/pve/tasks/UPID:pve:00018691:00153364:6708781C:vzcreate:103:root@pam!terraform:/status HTTP/1.1
Host: 192.168.2.18:8006
User-Agent: Go-http-client/1.1
Accept: application/json
Authorization: PVEAPIToken=root@pam!terraform=bdeb84a5-2cc6-4b12-a135-e6b81d88366c
Accept-Encoding: gzip

2024/10/10 19:58:00 <<<<<<<<<< RESULT:
HTTP/1.1 200 OK
Content-Length: 241
Cache-Control: max-age=0
Connection: Keep-Alive
Connection: Keep-Alive
Content-Type: application/json;charset=UTF-8
Date: Fri, 11 Oct 2024 00:58:08 GMT
Expires: Fri, 11 Oct 2024 00:58:08 GMT
Pragma: no-cache
Server: pve-api-daemon/3.0

{"data":{"node":"pve","user":"root@pam","pid":99985,"id":"103","tokenid":"terraform","type":"vzcreate","starttime":1728608284,"upid":"UPID:pve:00018691:00153364:6708781C:vzcreate:103:root@pam!terraform:","pstart":1389412,"status":"running"}}
2024/10/10 19:58:02 >>>>>>>>>> REQUEST:
GET /api2/json/nodes/pve/tasks/UPID:pve:00018691:00153364:6708781C:vzcreate:103:root@pam!terraform:/status HTTP/1.1
Host: 192.168.2.18:8006
User-Agent: Go-http-client/1.1
Accept: application/json
Authorization: PVEAPIToken=root@pam!terraform=bdeb84a5-2cc6-4b12-a135-e6b81d88366c
Accept-Encoding: gzip

2024/10/10 19:58:02 <<<<<<<<<< RESULT:
HTTP/1.1 200 OK
Content-Length: 241
Cache-Control: max-age=0
Connection: Keep-Alive
Connection: Keep-Alive
Content-Type: application/json;charset=UTF-8
Date: Fri, 11 Oct 2024 00:58:10 GMT
Expires: Fri, 11 Oct 2024 00:58:10 GMT
Pragma: no-cache
Server: pve-api-daemon/3.0

{"data":{"upid":"UPID:pve:00018691:00153364:6708781C:vzcreate:103:root@pam!terraform:","status":"running","pstart":1389412,"id":"103","pid":99985,"user":"root@pam","node":"pve","starttime":1728608284,"tokenid":"terraform","type":"vzcreate"}}
2024/10/10 19:58:04 >>>>>>>>>> REQUEST:
GET /api2/json/nodes/pve/tasks/UPID:pve:00018691:00153364:6708781C:vzcreate:103:root@pam!terraform:/status HTTP/1.1
Host: 192.168.2.18:8006
User-Agent: Go-http-client/1.1
Accept: application/json
Authorization: PVEAPIToken=root@pam!terraform=bdeb84a5-2cc6-4b12-a135-e6b81d88366c
Accept-Encoding: gzip

2024/10/10 19:58:04 <<<<<<<<<< RESULT:
HTTP/1.1 200 OK
Content-Length: 241
Cache-Control: max-age=0
Connection: Keep-Alive
Connection: Keep-Alive
Content-Type: application/json;charset=UTF-8
Date: Fri, 11 Oct 2024 00:58:12 GMT
Expires: Fri, 11 Oct 2024 00:58:12 GMT
Pragma: no-cache
Server: pve-api-daemon/3.0

{"data":{"user":"root@pam","node":"pve","id":"103","pid":99985,"starttime":1728608284,"tokenid":"terraform","type":"vzcreate","upid":"UPID:pve:00018691:00153364:6708781C:vzcreate:103:root@pam!terraform:","pstart":1389412,"status":"running"}}
2024/10/10 19:58:06 >>>>>>>>>> REQUEST:
GET /api2/json/nodes/pve/tasks/UPID:pve:00018691:00153364:6708781C:vzcreate:103:root@pam!terraform:/status HTTP/1.1
Host: 192.168.2.18:8006
User-Agent: Go-http-client/1.1
Accept: application/json
Authorization: PVEAPIToken=root@pam!terraform=bdeb84a5-2cc6-4b12-a135-e6b81d88366c
Accept-Encoding: gzip

2024/10/10 19:58:06 <<<<<<<<<< RESULT:
HTTP/1.1 200 OK
Content-Length: 241
Cache-Control: max-age=0
Connection: Keep-Alive
Connection: Keep-Alive
Content-Type: application/json;charset=UTF-8
Date: Fri, 11 Oct 2024 00:58:14 GMT
Expires: Fri, 11 Oct 2024 00:58:14 GMT
Pragma: no-cache
Server: pve-api-daemon/3.0

{"data":{"starttime":1728608284,"type":"vzcreate","tokenid":"terraform","user":"root@pam","node":"pve","id":"103","pid":99985,"pstart":1389412,"status":"running","upid":"UPID:pve:00018691:00153364:6708781C:vzcreate:103:root@pam!terraform:"}}
2024/10/10 19:58:08 >>>>>>>>>> REQUEST:
GET /api2/json/nodes/pve/tasks/UPID:pve:00018691:00153364:6708781C:vzcreate:103:root@pam!terraform:/status HTTP/1.1
Host: 192.168.2.18:8006
User-Agent: Go-http-client/1.1
Accept: application/json
Authorization: PVEAPIToken=root@pam!terraform=bdeb84a5-2cc6-4b12-a135-e6b81d88366c
Accept-Encoding: gzip

2024/10/10 19:58:08 <<<<<<<<<< RESULT:
HTTP/1.1 200 OK
Content-Length: 241
Cache-Control: max-age=0
Connection: Keep-Alive
Connection: Keep-Alive
Content-Type: application/json;charset=UTF-8
Date: Fri, 11 Oct 2024 00:58:16 GMT
Expires: Fri, 11 Oct 2024 00:58:16 GMT
Pragma: no-cache
Server: pve-api-daemon/3.0

{"data":{"starttime":1728608284,"type":"vzcreate","tokenid":"terraform","id":"103","pid":99985,"user":"root@pam","node":"pve","status":"running","pstart":1389412,"upid":"UPID:pve:00018691:00153364:6708781C:vzcreate:103:root@pam!terraform:"}}
2024/10/10 19:58:10 >>>>>>>>>> REQUEST:
GET /api2/json/nodes/pve/tasks/UPID:pve:00018691:00153364:6708781C:vzcreate:103:root@pam!terraform:/status HTTP/1.1
Host: 192.168.2.18:8006
User-Agent: Go-http-client/1.1
Accept: application/json
Authorization: PVEAPIToken=root@pam!terraform=bdeb84a5-2cc6-4b12-a135-e6b81d88366c
Accept-Encoding: gzip

2024/10/10 19:58:10 <<<<<<<<<< RESULT:
HTTP/1.1 200 OK
Content-Length: 241
Cache-Control: max-age=0
Connection: Keep-Alive
Connection: Keep-Alive
Content-Type: application/json;charset=UTF-8
Date: Fri, 11 Oct 2024 00:58:18 GMT
Expires: Fri, 11 Oct 2024 00:58:18 GMT
Pragma: no-cache
Server: pve-api-daemon/3.0

{"data":{"upid":"UPID:pve:00018691:00153364:6708781C:vzcreate:103:root@pam!terraform:","status":"running","pstart":1389412,"pid":99985,"id":"103","node":"pve","user":"root@pam","tokenid":"terraform","type":"vzcreate","starttime":1728608284}}
2024/10/10 19:58:12 >>>>>>>>>> REQUEST:
GET /api2/json/nodes/pve/tasks/UPID:pve:00018691:00153364:6708781C:vzcreate:103:root@pam!terraform:/status HTTP/1.1
Host: 192.168.2.18:8006
User-Agent: Go-http-client/1.1
Accept: application/json
Authorization: PVEAPIToken=root@pam!terraform=bdeb84a5-2cc6-4b12-a135-e6b81d88366c
Accept-Encoding: gzip

2024/10/10 19:58:12 <<<<<<<<<< RESULT:
HTTP/1.1 200 OK
Content-Length: 241
Cache-Control: max-age=0
Connection: Keep-Alive
Connection: Keep-Alive
Content-Type: application/json;charset=UTF-8
Date: Fri, 11 Oct 2024 00:58:20 GMT
Expires: Fri, 11 Oct 2024 00:58:20 GMT
Pragma: no-cache
Server: pve-api-daemon/3.0

{"data":{"type":"vzcreate","tokenid":"terraform","starttime":1728608284,"pid":99985,"id":"103","node":"pve","user":"root@pam","status":"running","pstart":1389412,"upid":"UPID:pve:00018691:00153364:6708781C:vzcreate:103:root@pam!terraform:"}}
2024/10/10 19:58:14 >>>>>>>>>> REQUEST:
GET /api2/json/nodes/pve/tasks/UPID:pve:00018691:00153364:6708781C:vzcreate:103:root@pam!terraform:/status HTTP/1.1
Host: 192.168.2.18:8006
User-Agent: Go-http-client/1.1
Accept: application/json
Authorization: PVEAPIToken=root@pam!terraform=bdeb84a5-2cc6-4b12-a135-e6b81d88366c
Accept-Encoding: gzip

2024/10/10 19:58:14 <<<<<<<<<< RESULT:
HTTP/1.1 200 OK
Content-Length: 241
Cache-Control: max-age=0
Connection: Keep-Alive
Connection: Keep-Alive
Content-Type: application/json;charset=UTF-8
Date: Fri, 11 Oct 2024 00:58:22 GMT
Expires: Fri, 11 Oct 2024 00:58:22 GMT
Pragma: no-cache
Server: pve-api-daemon/3.0

{"data":{"pstart":1389412,"status":"running","upid":"UPID:pve:00018691:00153364:6708781C:vzcreate:103:root@pam!terraform:","starttime":1728608284,"type":"vzcreate","tokenid":"terraform","user":"root@pam","node":"pve","id":"103","pid":99985}}
2024/10/10 19:58:16 >>>>>>>>>> REQUEST:
GET /api2/json/nodes/pve/tasks/UPID:pve:00018691:00153364:6708781C:vzcreate:103:root@pam!terraform:/status HTTP/1.1
Host: 192.168.2.18:8006
User-Agent: Go-http-client/1.1
Accept: application/json
Authorization: PVEAPIToken=root@pam!terraform=bdeb84a5-2cc6-4b12-a135-e6b81d88366c
Accept-Encoding: gzip

2024/10/10 19:58:16 <<<<<<<<<< RESULT:
HTTP/1.1 200 OK
Content-Length: 241
Cache-Control: max-age=0
Connection: Keep-Alive
Connection: Keep-Alive
Content-Type: application/json;charset=UTF-8
Date: Fri, 11 Oct 2024 00:58:24 GMT
Expires: Fri, 11 Oct 2024 00:58:24 GMT
Pragma: no-cache
Server: pve-api-daemon/3.0

{"data":{"upid":"UPID:pve:00018691:00153364:6708781C:vzcreate:103:root@pam!terraform:","status":"running","pstart":1389412,"id":"103","pid":99985,"user":"root@pam","node":"pve","starttime":1728608284,"tokenid":"terraform","type":"vzcreate"}}
2024/10/10 19:58:18 >>>>>>>>>> REQUEST:
GET /api2/json/nodes/pve/tasks/UPID:pve:00018691:00153364:6708781C:vzcreate:103:root@pam!terraform:/status HTTP/1.1
Host: 192.168.2.18:8006
User-Agent: Go-http-client/1.1
Accept: application/json
Authorization: PVEAPIToken=root@pam!terraform=bdeb84a5-2cc6-4b12-a135-e6b81d88366c
Accept-Encoding: gzip

2024/10/10 19:58:18 <<<<<<<<<< RESULT:
HTTP/1.1 200 OK
Content-Length: 259
Cache-Control: max-age=0
Connection: Keep-Alive
Connection: Keep-Alive
Content-Type: application/json;charset=UTF-8
Date: Fri, 11 Oct 2024 00:58:27 GMT
Expires: Fri, 11 Oct 2024 00:58:27 GMT
Pragma: no-cache
Server: pve-api-daemon/3.0

{"data":{"starttime":1728608284,"type":"vzcreate","tokenid":"terraform","id":"103","pid":99985,"user":"root@pam","node":"pve","status":"stopped","exitstatus":"OK","pstart":1389412,"upid":"UPID:pve:00018691:00153364:6708781C:vzcreate:103:root@pam!terraform:"}}
2024/10/10 19:58:18 >>>>>>>>>> REQUEST:
GET /api2/json/cluster/resources?type=vm HTTP/1.1
Host: 192.168.2.18:8006
User-Agent: Go-http-client/1.1
Accept: application/json
Authorization: PVEAPIToken=root@pam!terraform=bdeb84a5-2cc6-4b12-a135-e6b81d88366c
Accept-Encoding: gzip

2024/10/10 19:58:18 <<<<<<<<<< RESULT:
HTTP/1.1 200 OK
Content-Length: 997
Cache-Control: max-age=0
Connection: Keep-Alive
Content-Type: application/json;charset=UTF-8
Date: Fri, 11 Oct 2024 00:58:27 GMT
Expires: Fri, 11 Oct 2024 00:58:27 GMT
Pragma: no-cache
Server: pve-api-daemon/3.0

{"data":[{"maxmem":8518631424,"disk":0,"netout":0,"cpu":0,"type":"qemu","name":"DevMachine","maxdisk":214748364800,"maxcpu":4,"status":"stopped","vmid":100,"id":"qemu/100","diskwrite":0,"netin":0,"node":"pve","template":0,"mem":0,"uptime":0,"diskread":0},{"disk":0,"netout":0,"cpu":0,"type":"qemu","maxmem":8518631424,"vmid":101,"name":"GithubActions","maxdisk":214748364800,"maxcpu":4,"status":"stopped","diskwrite":0,"id":"qemu/101","diskread":0,"netin":0,"node":"pve","mem":0,"template":0,"uptime":0},{"diskwrite":0,"id":"qemu/102","diskread":0,"netin":0,"mem":0,"template":0,"uptime":0,"node":"pve","netout":0,"type":"qemu","cpu":0,"disk":0,"maxmem":4294967296,"vmid":102,"maxdisk":34359738368,"name":"JiraOpenSource","maxcpu":2,"status":"stopped"},{"vmid":103,"status":"stopped","maxcpu":4,"name":"lxc-huly-srv","maxdisk":8589934592,"disk":0,"netout":0,"type":"lxc","cpu":0,"maxmem":536870912,"diskread":0,"node":"pve","template":0,"mem":0,"uptime":0,"netin":0,"diskwrite":0,"id":"lxc/103"}]}
2024/10/10 19:58:18 >>>>>>>>>> REQUEST:
GET /api2/json/nodes/pve/lxc/103/config HTTP/1.1
Host: 192.168.2.18:8006
User-Agent: Go-http-client/1.1
Accept: application/json
Authorization: PVEAPIToken=root@pam!terraform=bdeb84a5-2cc6-4b12-a135-e6b81d88366c
Accept-Encoding: gzip

2024/10/10 19:58:18 <<<<<<<<<< RESULT:
HTTP/1.1 200 OK
Content-Length: 395
Cache-Control: max-age=0
Connection: Keep-Alive
Content-Type: application/json;charset=UTF-8
Date: Fri, 11 Oct 2024 00:58:27 GMT
Expires: Fri, 11 Oct 2024 00:58:27 GMT
Pragma: no-cache
Server: pve-api-daemon/3.0

{"data":{"net0":"name=eth0,bridge=vmbr0,gw=192.168.2.1,hwaddr=EA:8E:DA:62:21:A2,ip=192.168.2.30/24,type=veth","protection":0,"ostype":"ubuntu","console":1,"onboot":1,"cpulimit":"0","cmode":"tty","swap":0,"unprivileged":1,"memory":512,"tty":2,"arch":"amd64","cpuunits":1024,"digest":"5973af84c9c6c5c306699f186e5e4de768600cbf","hostname":"lxc-huly-srv","rootfs":"local-lvm:vm-103-disk-0,size=8G"}}
2024/10/10 19:58:18 >>>>>>>>>> REQUEST:
GET /api2/json/cluster/ha/resources/103 HTTP/1.1
Host: 192.168.2.18:8006
User-Agent: Go-http-client/1.1
Accept: application/json
Authorization: PVEAPIToken=root@pam!terraform=bdeb84a5-2cc6-4b12-a135-e6b81d88366c
Accept-Encoding: gzip

2024/10/10 19:58:18 <<<<<<<<<< RESULT:
HTTP/1.1 500 no such resource 'ct:103'
Connection: close
Content-Length: 13
Cache-Control: max-age=0
Content-Type: application/json;charset=UTF-8
Date: Fri, 11 Oct 2024 00:58:27 GMT
Expires: Fri, 11 Oct 2024 00:58:27 GMT
Pragma: no-cache
Server: pve-api-daemon/3.0

{"data":null}
2024/10/10 19:58:18 >>>>>>>>>> REQUEST:
GET /api2/json/pools HTTP/1.1
Host: 192.168.2.18:8006
User-Agent: Go-http-client/1.1
Accept: application/json
Authorization: PVEAPIToken=root@pam!terraform=bdeb84a5-2cc6-4b12-a135-e6b81d88366c
Accept-Encoding: gzip

2024/10/10 19:58:18 <<<<<<<<<< RESULT:
HTTP/1.1 200 OK
Content-Length: 11
Cache-Control: max-age=0
Connection: Keep-Alive
Content-Type: application/json;charset=UTF-8
Date: Fri, 11 Oct 2024 00:58:27 GMT
Expires: Fri, 11 Oct 2024 00:58:27 GMT
Pragma: no-cache
Server: pve-api-daemon/3.0

{"data":[]}
[90mThu, 10 Oct 2024 20:00:11 -0500[0m [32mINF[0m [1mgithub.com/Telmate/terraform-provider-proxmox/v2/proxmox/util.go:158[0m[36m >[0m [1mEnabling the capture of log-library logs as ithe _capturelog flag was detected[0m
[90mThu, 10 Oct 2024 20:00:11 -0500[0m [32mINF[0m [1mgithub.com/Telmate/terraform-provider-proxmox/v2/proxmox/util.go:191[0m[36m >[0m [1mLogging Started. Root Logger Set to level debug[0m
2024/10/10 20:00:11 >>>>>>>>>> REQUEST:
GET /api2/json/cluster/resources?type=vm HTTP/1.1
Host: 192.168.2.18:8006
User-Agent: Go-http-client/1.1
Accept: application/json
Authorization: PVEAPIToken=root@pam!terraform=bdeb84a5-2cc6-4b12-a135-e6b81d88366c
Accept-Encoding: gzip

2024/10/10 20:00:11 <<<<<<<<<< RESULT:
HTTP/1.1 200 OK
Content-Length: 1034
Cache-Control: max-age=0
Connection: Keep-Alive
Content-Type: application/json;charset=UTF-8
Date: Fri, 11 Oct 2024 01:00:20 GMT
Expires: Fri, 11 Oct 2024 01:00:20 GMT
Pragma: no-cache
Server: pve-api-daemon/3.0

{"data":[{"type":"qemu","netout":0,"cpu":0,"disk":0,"maxmem":8518631424,"vmid":100,"maxdisk":214748364800,"name":"DevMachine","maxcpu":4,"status":"stopped","diskwrite":0,"id":"qemu/100","diskread":0,"netin":0,"template":0,"mem":0,"uptime":0,"node":"pve"},{"cpu":0,"netout":0,"type":"qemu","disk":0,"maxmem":8518631424,"vmid":101,"name":"GithubActions","maxdisk":214748364800,"maxcpu":4,"status":"stopped","diskwrite":0,"id":"qemu/101","diskread":0,"netin":0,"uptime":0,"mem":0,"template":0,"node":"pve"},{"id":"qemu/102","diskwrite":0,"netin":0,"template":0,"mem":0,"uptime":0,"node":"pve","diskread":0,"maxmem":4294967296,"cpu":0,"netout":0,"type":"qemu","disk":0,"name":"JiraOpenSource","maxdisk":34359738368,"maxcpu":2,"status":"stopped","vmid":102},{"diskwrite":23855104,"id":"lxc/103","diskread":224444416,"uptime":108,"mem":30986240,"template":0,"node":"pve","netin":9027,"netout":446,"type":"lxc","cpu":0,"disk":712880128,"maxmem":536870912,"vmid":103,"maxcpu":4,"status":"running","maxdisk":8350298112,"name":"lxc-huly-srv"}]}
2024/10/10 20:00:11 >>>>>>>>>> REQUEST:
GET /api2/json/nodes/pve/lxc/103/config HTTP/1.1
Host: 192.168.2.18:8006
User-Agent: Go-http-client/1.1
Accept: application/json
Authorization: PVEAPIToken=root@pam!terraform=bdeb84a5-2cc6-4b12-a135-e6b81d88366c
Accept-Encoding: gzip

2024/10/10 20:00:11 <<<<<<<<<< RESULT:
HTTP/1.1 200 OK
Content-Length: 395
Cache-Control: max-age=0
Connection: Keep-Alive
Content-Type: application/json;charset=UTF-8
Date: Fri, 11 Oct 2024 01:00:20 GMT
Expires: Fri, 11 Oct 2024 01:00:20 GMT
Pragma: no-cache
Server: pve-api-daemon/3.0

{"data":{"onboot":1,"cpulimit":"0","cmode":"tty","swap":0,"unprivileged":1,"memory":512,"tty":2,"arch":"amd64","cpuunits":1024,"digest":"5973af84c9c6c5c306699f186e5e4de768600cbf","hostname":"lxc-huly-srv","rootfs":"local-lvm:vm-103-disk-0,size=8G","net0":"name=eth0,bridge=vmbr0,gw=192.168.2.1,hwaddr=EA:8E:DA:62:21:A2,ip=192.168.2.30/24,type=veth","protection":0,"ostype":"ubuntu","console":1}}
2024/10/10 20:00:11 >>>>>>>>>> REQUEST:
GET /api2/json/cluster/ha/resources/103 HTTP/1.1
Host: 192.168.2.18:8006
User-Agent: Go-http-client/1.1
Accept: application/json
Authorization: PVEAPIToken=root@pam!terraform=bdeb84a5-2cc6-4b12-a135-e6b81d88366c
Accept-Encoding: gzip

2024/10/10 20:00:11 <<<<<<<<<< RESULT:
HTTP/1.1 500 no such resource 'ct:103'
Connection: close
Content-Length: 13
Cache-Control: max-age=0
Content-Type: application/json;charset=UTF-8
Date: Fri, 11 Oct 2024 01:00:20 GMT
Expires: Fri, 11 Oct 2024 01:00:20 GMT
Pragma: no-cache
Server: pve-api-daemon/3.0

{"data":null}
2024/10/10 20:00:11 >>>>>>>>>> REQUEST:
GET /api2/json/pools HTTP/1.1
Host: 192.168.2.18:8006
User-Agent: Go-http-client/1.1
Accept: application/json
Authorization: PVEAPIToken=root@pam!terraform=bdeb84a5-2cc6-4b12-a135-e6b81d88366c
Accept-Encoding: gzip

2024/10/10 20:00:11 <<<<<<<<<< RESULT:
HTTP/1.1 200 OK
Content-Length: 11
Cache-Control: max-age=0
Connection: Keep-Alive
Content-Type: application/json;charset=UTF-8
Date: Fri, 11 Oct 2024 01:00:20 GMT
Expires: Fri, 11 Oct 2024 01:00:20 GMT
Pragma: no-cache
Server: pve-api-daemon/3.0

{"data":[]}
[90mThu, 10 Oct 2024 20:00:12 -0500[0m [32mINF[0m [1mgithub.com/Telmate/terraform-provider-proxmox/v2/proxmox/util.go:158[0m[36m >[0m [1mEnabling the capture of log-library logs as ithe _capturelog flag was detected[0m
[90mThu, 10 Oct 2024 20:00:12 -0500[0m [32mINF[0m [1mgithub.com/Telmate/terraform-provider-proxmox/v2/proxmox/util.go:191[0m[36m >[0m [1mLogging Started. Root Logger Set to level debug[0m
